process starting ...01 11 2021 10:42:27

process shutdown manually...01 11 2021 10:43:10

process starting ...01 11 2021 10:48:31

process shutdown manually...01 11 2021 10:48:50

process starting ...01 11 2021 10:50:39

process shutdown manually...01 11 2021 10:52:36

process starting ...01 11 2021 10:53:36

process shutdown manually...01 11 2021 10:53:38

process starting ...01 11 2021 10:55:01

process shutdown manually...01 11 2021 10:55:32

process starting ...01 11 2021 11:06:58

process shutdown manually...01 11 2021 11:07:01

process starting ...01 11 2021 12:23:01

 ** process shutdown error...
 ** ERROR: Call to undefined function dd() 
 ** File: E:\OSPanel\domains\uploader\include\stopSale.php:14
 ** 01 11 2021 12:23:03

process starting ...01 11 2021 12:24:12

Невідома помилка запуску скрипта http://uploader:81/sendMail.php  01 11 2021 12:24:14
 ** process shutdown error...
 ** ERROR: Maximum execution time of 60 seconds exceeded 
 ** File: E:\OSPanel\domains\uploader\index.php:222
 ** 01 11 2021 12:25:12

process starting ...01 11 2021 12:27:22

 ** process shutdown error...
 ** ERROR: Maximum execution time of 60 seconds exceeded 
 ** File: E:\OSPanel\domains\uploader\index.php:222
 ** 01 11 2021 12:28:22

process starting ...01 11 2021 12:30:09

Невідома помилка запуску скрипта http://uploader:81/sendMail.php  01 11 2021 12:30:11
 ** process shutdown error...
 ** ERROR: Maximum execution time of 60 seconds exceeded 
 ** File: E:\OSPanel\domains\uploader\index.php:222
 ** 01 11 2021 12:31:09

process starting ...01 11 2021 12:31:22

Невідома помилка запуску скрипта http://uploader:81/sendMail.php  01 11 2021 12:31:24
 ** process shutdown error...
 ** ERROR: Maximum execution time of 60 seconds exceeded 
 ** File: E:\OSPanel\domains\uploader\index.php:222
 ** 01 11 2021 12:32:22

process starting ...01 11 2021 11:33:18

Невідома помилка запуску скрипта http://uploader:81/sendMail.php  01 11 2021 11:33:35
process shutdown manually...01 11 2021 11:43:38

process starting ...01 11 2021 11:43:52

Невідома помилка запуску скрипта http://uploader:81/sendMail.php  01 11 2021 11:44:27
Невідома помилка запуску скрипта http://uploader:81/sendMail.php  01 11 2021 11:46:52
process shutdown manually...01 11 2021 11:47:46

process starting ...01 11 2021 12:08:27

Невідома помилка запуску скрипта http://uploader:81/sendMail.php  01 11 2021 12:08:44
Невідома помилка запуску скрипта http://uploader:81/sendMail.php  01 11 2021 12:10:39
process shutdown manually...01 11 2021 12:11:23

process starting ...01 11 2021 14:49:29

Невідома помилка запуску скрипта http://uploader:81/sendMail.php  01 11 2021 14:49:32
process shutdown manually...01 11 2021 14:51:42

process starting ...01 11 2021 14:53:02

process shutdown manually...01 11 2021 14:53:05

process starting ...01 11 2021 15:10:36

process shutdown manually...01 11 2021 15:10:38

process starting ...01 11 2021 15:11:33

process shutdown manually...01 11 2021 15:11:35

process starting ...01 11 2021 15:11:57

process shutdown manually...01 11 2021 15:11:59

process starting ...01 11 2021 15:12:10

process shutdown manually...01 11 2021 15:12:12

process starting ...01 11 2021 15:43:14

process shutdown manually...01 11 2021 15:43:17

process starting ...01 11 2021 16:20:13

process shutdown manually...01 11 2021 16:20:15

process starting ...01 11 2021 16:22:31

 ** NOTICE: Undefined variable: result 
 ** 01 11 2021 16:22:34

 ** NOTICE: Undefined variable: result 
 ** 01 11 2021 16:22:34

Успішний запуск скрипта http://uploader:81/sendMail.php 01 11 2021 16:22:34
 ** NOTICE: Undefined variable: result 
 ** 01 11 2021 16:23:28

 ** NOTICE: Undefined variable: result 
 ** 01 11 2021 16:23:28

Успішний запуск скрипта http://uploader:81/sendMail.php 01 11 2021 16:23:28
process shutdown manually...01 11 2021 16:24:46

process starting ...01 11 2021 16:25:06

 ** NOTICE: Undefined variable: result 
 ** 01 11 2021 16:25:09

process shutdown manually...01 11 2021 16:25:09

process starting ...01 11 2021 16:27:09

 ** NOTICE: Undefined variable: result 
 ** 01 11 2021 16:27:11

process shutdown manually...01 11 2021 16:27:11

process starting ...01 11 2021 16:27:50

 ** NOTICE: Undefined variable: result 
 ** 01 11 2021 16:27:52

process shutdown manually...01 11 2021 16:27:52

process starting ...01 11 2021 16:28:05

 ** NOTICE: Undefined variable: result 
 ** 01 11 2021 16:28:07

process shutdown manually...01 11 2021 16:28:07

process starting ...01 11 2021 16:31:14

 ** NOTICE: Undefined variable: result 
 ** 01 11 2021 16:31:16

Помилка запуску скрипта http://uploader:81/sendMail.php error create xml file -> f:\vopas\email\51996.JSN 01 11 2021 16:31:16
 ** NOTICE: Undefined variable: result 
 ** 01 11 2021 16:51:26

 ** NOTICE: Undefined variable: result 
 ** 01 11 2021 16:51:26

Успішний запуск скрипта http://uploader:81/sendMail.php 01 11 2021 16:51:26
 ** NOTICE: Undefined variable: result 
 ** 01 11 2021 16:57:01

 ** NOTICE: Undefined variable: result 
 ** 01 11 2021 16:57:01

Успішний запуск скрипта http://uploader:81/sendMail.php 01 11 2021 16:57:01
 ** NOTICE: Undefined variable: result 
 ** 01 11 2021 17:02:06

 ** NOTICE: Undefined variable: result 
 ** 01 11 2021 17:02:06

Успішний запуск скрипта http://uploader:81/sendMail.php 01 11 2021 17:02:06
process shutdown manually...01 11 2021 17:02:48

process starting ...01 11 2021 17:03:05

 ** NOTICE: Undefined variable: result 
 ** 01 11 2021 17:03:52

 ** NOTICE: Undefined variable: result 
 ** 01 11 2021 17:03:52

Успішний запуск скрипта http://uploader:81/sendMail.php 01 11 2021 17:03:52
