process starting ...11 03 2021 14:29:37

BAZA.DBF успешно загружен на сервер
process shutdown manually...11 03 2021 14:30:31

process starting ...11 03 2021 15:44:57

BAZA.DBF успешно загружен на сервер
Помилка запуску скрипта https://www.vopas.com.ua/module/vD4lsIqNd9.php -> No file 11 03 2021 15:45:28
 ** NOTICE: Array to string conversion 
 ** File: E:\OSPanel\domains\uploader\functions.php:22
 ** 11 03 2021 15:45:28

 ** NOTICE: Undefined variable: curl 
 ** File: E:\OSPanel\domains\uploader\functions.php:23
 ** 11 03 2021 15:45:28

 ** WARNING: curl_exec() expects parameter 1 to be resource, null given 
 ** File: E:\OSPanel\domains\uploader\functions.php:23
 ** 11 03 2021 15:45:28

process shutdown manually...11 03 2021 15:45:28

process starting ...11 03 2021 15:47:13

BAZA.DBF успешно загружен на сервер
Помилка запуску скрипта https://www.vopas.com.ua/module/vD4lsIqNd9.php -> No file 11 03 2021 15:47:43
 ** NOTICE: Array to string conversion 
 ** File: E:\OSPanel\domains\uploader\functions.php:22
 ** 11 03 2021 15:47:43

process shutdown manually...11 03 2021 15:47:44

process starting ...11 03 2021 15:52:11

BAZA.DBF успешно загружен на сервер
Помилка запуску скрипта https://www.vopas.com.ua/module/vD4lsIqNd9.php -> No file 11 03 2021 15:52:41
 ** NOTICE: Array to string conversion 
 ** File: E:\OSPanel\domains\uploader\functions.php:22
 ** 11 03 2021 15:52:41

process shutdown manually...11 03 2021 15:52:41

process starting ...11 03 2021 15:58:49

BAZA.DBF успешно загружен на сервер
Помилка запуску скрипта https://www.vopas.com.ua/module/vD4lsIqNd9.php -> No file 11 03 2021 15:59:19
 ** NOTICE: Array to string conversion 
 ** File: E:\OSPanel\domains\uploader\functions.php:22
 ** 11 03 2021 15:59:19

process shutdown manually...11 03 2021 15:59:20

process starting ...11 03 2021 16:30:26

BAZA.DBF успешно загружен на сервер
Помилка запуску скрипта https://www.vopas.com.ua/module/vD4lsIqNd9.php -> No file 11 03 2021 16:30:56
 ** NOTICE: Array to string conversion 
 ** File: E:\OSPanel\domains\uploader\functions.php:22
 ** 11 03 2021 16:30:56

process shutdown manually...11 03 2021 16:30:58

process starting ...11 03 2021 16:34:21

BAZA.DBF успешно загружен на сервер
Помилка запуску скрипта https://www.vopas.com.ua/module/vD4lsIqNd9.php -> No file 11 03 2021 16:34:51
 ** NOTICE: Array to string conversion 
 ** File: E:\OSPanel\domains\uploader\functions.php:22
 ** 11 03 2021 16:34:51

process shutdown manually...11 03 2021 16:34:51

process starting ...11 03 2021 16:37:14

BAZA.DBF успешно загружен на сервер
Помилка запуску скрипта https://www.vopas.com.ua/module/vD4lsIqNd9.php -> No file 11 03 2021 16:37:44
process shutdown manually...11 03 2021 16:37:44

process starting ...11 03 2021 16:38:07

BAZA.DBF успешно загружен на сервер
Помилка запуску скрипта https://www.vopas.com.ua/module/vD4lsIqNd9.php -> No file 11 03 2021 16:38:37
process shutdown manually...11 03 2021 16:38:37

process starting ...11 03 2021 16:39:13

BAZA.DBF успешно загружен на сервер
Помилка запуску скрипта https://www.vopas.com.ua/module/vD4lsIqNd9.php -> No file 11 03 2021 16:39:43
 ** NOTICE: Array to string conversion 
 ** File: E:\OSPanel\domains\uploader\functions.php:22
 ** 11 03 2021 16:39:43

process shutdown manually...11 03 2021 16:39:43

process starting ...11 03 2021 16:40:09

BAZA.DBF успешно загружен на сервер
Помилка запуску скрипта https://www.vopas.com.ua/module/vD4lsIqNd9.php -> No file 11 03 2021 16:40:19
 ** NOTICE: Array to string conversion 
 ** File: E:\OSPanel\domains\uploader\functions.php:22
 ** 11 03 2021 16:40:19

process shutdown manually...11 03 2021 16:40:19

process starting ...11 03 2021 16:47:43

BAZA.DBF успешно загружен на сервер
Помилка запуску скрипта https://www.vopas.com.ua/module/vD4lsIqNd9.php -> No file 11 03 2021 16:47:54
process shutdown manually...11 03 2021 16:47:54

process starting ...11 03 2021 16:48:04

BAZA.DBF успешно загружен на сервер
Помилка запуску скрипта https://www.vopas.com.ua/module/vD4lsIqNd9.php -> No file 11 03 2021 16:48:15
process shutdown manually...11 03 2021 16:48:15

process starting ...11 03 2021 16:48:55

BAZA.DBF успешно загружен на сервер
Помилка запуску скрипта https://www.vopas.com.ua/module/vD4lsIqNd9.php -> No file 11 03 2021 16:49:05
process shutdown manually...11 03 2021 16:49:05

process starting ...11 03 2021 16:49:38

BAZA.DBF успешно загружен на сервер
Помилка запуску скрипта https://www.vopas.com.ua/module/vD4lsIqNd9.php -> No file 11 03 2021 16:49:48
process shutdown manually...11 03 2021 16:49:48

process starting ...11 03 2021 16:50:13

BAZA.DBF успешно загружен на сервер
Помилка запуску скрипта https://www.vopas.com.ua/module/vD4lsIqNd9.php -> No file 11 03 2021 16:50:23
process shutdown manually...11 03 2021 16:50:23

process starting ...11 03 2021 16:50:40

BAZA.DBF успешно загружен на сервер
Помилка запуску скрипта https://www.vopas.com.ua/module/vD4lsIqNd9.php -> No file 11 03 2021 16:50:50
 ** NOTICE: Array to string conversion 
 ** File: E:\OSPanel\domains\uploader\functions.php:22
 ** 11 03 2021 16:50:50

process shutdown manually...11 03 2021 16:50:50

process starting ...11 03 2021 16:53:15

BAZA.DBF успешно загружен на сервер
Помилка запуску скрипта https://www.vopas.com.ua/module/vD4lsIqNd9.php -> No file 11 03 2021 16:53:25
 ** NOTICE: Array to string conversion 
 ** File: E:\OSPanel\domains\uploader\functions.php:22
 ** 11 03 2021 16:53:25

process shutdown manually...11 03 2021 16:53:25

process starting ...11 03 2021 17:09:11

BAZA.DBF успешно загружен на сервер
Помилка запуску скрипта https://www.vopas.com.ua/module/vD4lsIqNd9.php -> No file 11 03 2021 17:09:21
process shutdown manually...11 03 2021 17:09:21

process starting ...11 03 2021 17:11:37

BAZA.DBF успешно загружен на сервер
Помилка запуску скрипта https://www.vopas.com.ua/module/vD4lsIqNd9.php -> No file 11 03 2021 17:11:47
process shutdown manually...11 03 2021 17:11:48

process starting ...11 03 2021 17:11:50

BAZA.DBF успешно загружен на сервер
Помилка запуску скрипта https://www.vopas.com.ua/module/vD4lsIqNd9.php -> No file 11 03 2021 17:12:01
process shutdown manually...11 03 2021 17:12:01

process starting ...11 03 2021 17:12:24

BAZA.DBF успешно загружен на сервер
Помилка запуску скрипта https://www.vopas.com.ua/module/vD4lsIqNd9.php -> No file 11 03 2021 17:12:34
process shutdown manually...11 03 2021 17:12:35

process starting ...11 03 2021 17:12:39

BAZA.DBF успешно загружен на сервер
Помилка запуску скрипта https://www.vopas.com.ua/module/vD4lsIqNd9.php -> No file 11 03 2021 17:12:50
process shutdown manually...11 03 2021 17:12:50

process starting ...11 03 2021 17:14:28

BAZA.DBF успешно загружен на сервер
Помилка запуску скрипта https://www.vopas.com.ua/module/vD4lsIqNd9.php -> No file 11 03 2021 17:14:38
process shutdown manually...11 03 2021 17:14:39

process starting ...11 03 2021 17:15:06

BAZA.DBF успешно загружен на сервер
Помилка запуску скрипта https://www.vopas.com.ua/module/vD4lsIqNd9.php -> No file 11 03 2021 17:15:16
process shutdown manually...11 03 2021 17:15:17

process starting ...11 03 2021 17:15:30

BAZA.DBF успешно загружен на сервер
Помилка запуску скрипта https://www.vopas.com.ua/module/vD4lsIqNd9.php -> No file 11 03 2021 17:15:40
process shutdown manually...11 03 2021 17:15:40

