process starting ...17 11 2021 14:57:59

process shutdown manually...17 11 2021 14:58:01

process starting ...17 11 2021 14:58:52

process shutdown manually...17 11 2021 14:58:54

process starting ...17 11 2021 14:59:35

process shutdown manually...17 11 2021 14:59:37

process starting ...17 11 2021 14:59:54

process shutdown manually...17 11 2021 14:59:56

process starting ...17 11 2021 15:00:29

process shutdown manually...17 11 2021 15:00:31

process starting ...17 11 2021 15:01:24

process shutdown manually...17 11 2021 15:01:26

process starting ...17 11 2021 15:02:08

process shutdown manually...17 11 2021 15:02:10

process starting ...17 11 2021 15:02:22

process shutdown manually...17 11 2021 15:02:30

process starting ...17 11 2021 15:04:12

Невідома помилка запуску скрипта https://www.vopas.com.ua/module/wDF0jMypH3.php  17 11 2021 15:04:20
process shutdown manually...17 11 2021 15:04:20

process starting ...17 11 2021 15:04:28

process shutdown manually...17 11 2021 15:04:36

process starting ...17 11 2021 15:05:00

Невідома помилка запуску скрипта https://www.vopas.com.ua/module/wDF0jMypH3.php  17 11 2021 15:05:08
process shutdown manually...17 11 2021 15:05:08

process starting ...17 11 2021 15:05:50

Невідома помилка запуску скрипта https://www.vopas.com.ua/module/wDF0jMypH3.php  17 11 2021 15:05:58
process shutdown manually...17 11 2021 15:05:58

process starting ...17 11 2021 15:06:05

Невідома помилка запуску скрипта https://www.vopas.com.ua/module/wDF0jMypH3.php  17 11 2021 15:06:13
 ** WARNING: unlink(f:\vopas\ftp\ARTICUL.DBF): Resource temporarily unavailable 
 ** 17 11 2021 15:06:13

process shutdown manually...17 11 2021 15:06:13

process starting ...17 11 2021 15:06:54

Невідома помилка запуску скрипта https://www.vopas.com.ua/module/wDF0jMypH3.php  17 11 2021 15:07:02
 ** WARNING: unlink(f:\vopas\ftp\ARTICUL.DBF): Resource temporarily unavailable 
 ** 17 11 2021 15:07:02

process shutdown manually...17 11 2021 15:07:02

process starting ...17 11 2021 15:07:08

Невідома помилка запуску скрипта https://www.vopas.com.ua/module/wDF0jMypH3.php  17 11 2021 15:07:16
 ** WARNING: unlink(f:\vopas\ftp\ARTICUL.DBF): Resource temporarily unavailable 
 ** 17 11 2021 15:07:16

process shutdown manually...17 11 2021 15:07:16

process starting ...17 11 2021 15:08:02

Невідома помилка запуску скрипта https://www.vopas.com.ua/module/wDF0jMypH3.php  17 11 2021 15:08:10
process shutdown manually...17 11 2021 15:08:10

process starting ...17 11 2021 15:24:38

Невідома помилка запуску скрипта https://www.vopas.com.ua/module/wDF0jMypH3.php  17 11 2021 15:24:46
 ** WARNING: unlink(f:\vopas\ftp\ARTICUL.DBF): Resource temporarily unavailable 
 ** 17 11 2021 15:24:46

process shutdown manually...17 11 2021 15:24:46

process starting ...17 11 2021 15:30:49

Невідома помилка запуску скрипта https://www.vopas.com.ua/module/wDF0jMypH3.php  17 11 2021 15:30:57
 ** WARNING: unlink(f:\vopas\ftp\ARTICUL.DBF): Resource temporarily unavailable 
 ** 17 11 2021 15:30:57

process shutdown manually...17 11 2021 15:30:57

process starting ...17 11 2021 15:31:03

Невідома помилка запуску скрипта https://www.vopas.com.ua/module/wDF0jMypH3.php  17 11 2021 15:31:11
 ** WARNING: unlink(f:\vopas\ftp\ARTICUL.DBF): Resource temporarily unavailable 
 ** 17 11 2021 15:31:11

process shutdown manually...17 11 2021 15:31:11

process starting ...17 11 2021 15:31:28

Невідома помилка запуску скрипта https://www.vopas.com.ua/module/wDF0jMypH3.php  17 11 2021 15:31:36
 ** WARNING: unlink(f:\vopas\ftp\ARTICUL.DBF): Resource temporarily unavailable 
 ** 17 11 2021 15:31:36

process shutdown manually...17 11 2021 15:31:36

process starting ...17 11 2021 15:31:46

Невідома помилка запуску скрипта https://www.vopas.com.ua/module/wDF0jMypH3.php  17 11 2021 15:31:54
 ** WARNING: unlink(f:\vopas\ftp\ARTICUL.DBF): Resource temporarily unavailable 
 ** 17 11 2021 15:31:54

Невідома помилка запуску скрипта https://www.vopas.com.ua/module/wDF0jMypH3.php  17 11 2021 15:32:05
 ** WARNING: unlink(f:\vopas\ftp\ARTICUL.DBF): Resource temporarily unavailable 
 ** 17 11 2021 15:32:05

Невідома помилка запуску скрипта https://www.vopas.com.ua/module/wDF0jMypH3.php  17 11 2021 15:32:15
 ** WARNING: unlink(f:\vopas\ftp\ARTICUL.DBF): Resource temporarily unavailable 
 ** 17 11 2021 15:32:15

Невідома помилка запуску скрипта https://www.vopas.com.ua/module/wDF0jMypH3.php  17 11 2021 15:32:25
 ** WARNING: unlink(f:\vopas\ftp\ARTICUL.DBF): Resource temporarily unavailable 
 ** 17 11 2021 15:32:25

process shutdown manually...17 11 2021 15:32:27

process starting ...17 11 2021 15:35:11

Невідома помилка запуску скрипта https://www.vopas.com.ua/module/wDF0jMypH3.php  17 11 2021 15:35:19
 ** WARNING: unlink(f:\vopas\ftp\ARTICUL.DBF): Resource temporarily unavailable 
 ** 17 11 2021 15:35:19

Невідома помилка запуску скрипта https://www.vopas.com.ua/module/wDF0jMypH3.php  17 11 2021 15:35:29
 ** WARNING: unlink(f:\vopas\ftp\ARTICUL.DBF): Resource temporarily unavailable 
 ** 17 11 2021 15:35:29

Невідома помилка запуску скрипта https://www.vopas.com.ua/module/wDF0jMypH3.php  17 11 2021 15:35:39
 ** WARNING: unlink(f:\vopas\ftp\ARTICUL.DBF): Resource temporarily unavailable 
 ** 17 11 2021 15:35:39

Невідома помилка запуску скрипта https://www.vopas.com.ua/module/wDF0jMypH3.php  17 11 2021 15:35:49
 ** WARNING: unlink(f:\vopas\ftp\ARTICUL.DBF): Resource temporarily unavailable 
 ** 17 11 2021 15:35:49

Невідома помилка запуску скрипта https://www.vopas.com.ua/module/wDF0jMypH3.php  17 11 2021 15:35:59
 ** WARNING: unlink(f:\vopas\ftp\ARTICUL.DBF): Resource temporarily unavailable 
 ** 17 11 2021 15:35:59

Невідома помилка запуску скрипта https://www.vopas.com.ua/module/wDF0jMypH3.php  17 11 2021 15:36:09
 ** WARNING: unlink(f:\vopas\ftp\ARTICUL.DBF): Resource temporarily unavailable 
 ** 17 11 2021 15:36:09

process shutdown manually...17 11 2021 15:36:11

process starting ...17 11 2021 15:36:15

Невідома помилка запуску скрипта https://www.vopas.com.ua/module/wDF0jMypH3.php  17 11 2021 15:36:23
 ** WARNING: unlink(f:\vopas\ftp\ARTICUL.DBF): Resource temporarily unavailable 
 ** 17 11 2021 15:36:23

Невідома помилка запуску скрипта https://www.vopas.com.ua/module/wDF0jMypH3.php  17 11 2021 15:36:33
 ** WARNING: unlink(f:\vopas\ftp\ARTICUL.DBF): Resource temporarily unavailable 
 ** 17 11 2021 15:36:33

Невідома помилка запуску скрипта https://www.vopas.com.ua/module/wDF0jMypH3.php  17 11 2021 15:36:43
 ** WARNING: unlink(f:\vopas\ftp\ARTICUL.DBF): Resource temporarily unavailable 
 ** 17 11 2021 15:36:43

Невідома помилка запуску скрипта https://www.vopas.com.ua/module/wDF0jMypH3.php  17 11 2021 15:36:53
process shutdown manually...17 11 2021 15:38:27

process starting ...17 11 2021 15:38:52

Невідома помилка запуску скрипта https://www.vopas.com.ua/module/wDF0jMypH3.php  17 11 2021 15:39:32
 ** WARNING: unlink(f:\vopas\ftp\ARTICUL.DBF): Resource temporarily unavailable 
 ** 17 11 2021 15:39:33

Невідома помилка запуску скрипта https://www.vopas.com.ua/module/wDF0jMypH3.php  17 11 2021 15:39:43
 ** WARNING: unlink(f:\vopas\ftp\ARTICUL.DBF): Resource temporarily unavailable 
 ** 17 11 2021 15:39:43

Невідома помилка запуску скрипта https://www.vopas.com.ua/module/wDF0jMypH3.php  17 11 2021 15:39:53
 ** WARNING: unlink(f:\vopas\ftp\ARTICUL.DBF): Resource temporarily unavailable 
 ** 17 11 2021 15:39:53

Невідома помилка запуску скрипта https://www.vopas.com.ua/module/wDF0jMypH3.php  17 11 2021 15:40:03
Невідома помилка запуску скрипта https://www.vopas.com.ua/module/wDF0jMypH3.php  17 11 2021 15:40:33
Невідома помилка запуску скрипта https://www.vopas.com.ua/module/wDF0jMypH3.php  17 11 2021 15:41:21
 ** WARNING: unlink(f:\vopas\ftp\ARTICUL.DBF): Resource temporarily unavailable 
 ** 17 11 2021 15:41:21

Невідома помилка запуску скрипта https://www.vopas.com.ua/module/wDF0jMypH3.php  17 11 2021 15:41:31
 ** WARNING: unlink(f:\vopas\ftp\ARTICUL.DBF): Resource temporarily unavailable 
 ** 17 11 2021 15:41:31

Невідома помилка запуску скрипта https://www.vopas.com.ua/module/wDF0jMypH3.php  17 11 2021 15:41:41
 ** WARNING: unlink(f:\vopas\ftp\ARTICUL.DBF): Resource temporarily unavailable 
 ** 17 11 2021 15:41:41

Невідома помилка запуску скрипта https://www.vopas.com.ua/module/wDF0jMypH3.php  17 11 2021 15:41:51
 ** WARNING: unlink(f:\vopas\ftp\ARTICUL.DBF): Resource temporarily unavailable 
 ** 17 11 2021 15:41:51

 ** WARNING: unlink(f:\vopas\ftp\BRON0O.DBF): Resource temporarily unavailable 
 ** 17 11 2021 15:41:51

Невідома помилка запуску скрипта https://www.vopas.com.ua/module/wDF0jMypH3.php  17 11 2021 15:42:01
 ** WARNING: unlink(f:\vopas\ftp\ARTICUL.DBF): Resource temporarily unavailable 
 ** 17 11 2021 15:42:01

 ** WARNING: unlink(f:\vopas\ftp\BRON0O.DBF): Resource temporarily unavailable 
 ** 17 11 2021 15:42:01

Невідома помилка запуску скрипта https://www.vopas.com.ua/module/wDF0jMypH3.php  17 11 2021 15:42:11
 ** WARNING: unlink(f:\vopas\ftp\ARTICUL.DBF): Resource temporarily unavailable 
 ** 17 11 2021 15:42:11

 ** WARNING: unlink(f:\vopas\ftp\BRON0O.DBF): Resource temporarily unavailable 
 ** 17 11 2021 15:42:11

Невідома помилка запуску скрипта https://www.vopas.com.ua/module/wDF0jMypH3.php  17 11 2021 15:42:21
 ** WARNING: unlink(f:\vopas\ftp\ARTICUL.DBF): Resource temporarily unavailable 
 ** 17 11 2021 15:42:21

 ** WARNING: unlink(f:\vopas\ftp\BRON0O.DBF): Resource temporarily unavailable 
 ** 17 11 2021 15:42:21

Невідома помилка запуску скрипта https://www.vopas.com.ua/module/wDF0jMypH3.php  17 11 2021 15:42:31
 ** WARNING: unlink(f:\vopas\ftp\ARTICUL.DBF): Resource temporarily unavailable 
 ** 17 11 2021 15:42:31

 ** WARNING: unlink(f:\vopas\ftp\BRON0O.DBF): Resource temporarily unavailable 
 ** 17 11 2021 15:42:31

Невідома помилка запуску скрипта https://www.vopas.com.ua/module/wDF0jMypH3.php  17 11 2021 15:42:41
 ** WARNING: unlink(f:\vopas\ftp\ARTICUL.DBF): Resource temporarily unavailable 
 ** 17 11 2021 15:42:41

 ** WARNING: unlink(f:\vopas\ftp\BRON0O.DBF): Resource temporarily unavailable 
 ** 17 11 2021 15:42:41

Невідома помилка запуску скрипта https://www.vopas.com.ua/module/wDF0jMypH3.php  17 11 2021 15:42:51
 ** WARNING: unlink(f:\vopas\ftp\ARTICUL.DBF): Resource temporarily unavailable 
 ** 17 11 2021 15:42:51

 ** WARNING: unlink(f:\vopas\ftp\BRON0O.DBF): Resource temporarily unavailable 
 ** 17 11 2021 15:42:51

Невідома помилка запуску скрипта https://www.vopas.com.ua/module/wDF0jMypH3.php  17 11 2021 15:43:01
 ** WARNING: unlink(f:\vopas\ftp\ARTICUL.DBF): Resource temporarily unavailable 
 ** 17 11 2021 15:43:01

 ** WARNING: unlink(f:\vopas\ftp\BRON0O.DBF): Resource temporarily unavailable 
 ** 17 11 2021 15:43:01

Невідома помилка запуску скрипта https://www.vopas.com.ua/module/wDF0jMypH3.php  17 11 2021 15:43:11
 ** WARNING: unlink(f:\vopas\ftp\ARTICUL.DBF): Resource temporarily unavailable 
 ** 17 11 2021 15:43:11

 ** WARNING: unlink(f:\vopas\ftp\BRON0O.DBF): Resource temporarily unavailable 
 ** 17 11 2021 15:43:11

Невідома помилка запуску скрипта https://www.vopas.com.ua/module/wDF0jMypH3.php  17 11 2021 15:43:21
 ** WARNING: unlink(f:\vopas\ftp\ARTICUL.DBF): Resource temporarily unavailable 
 ** 17 11 2021 15:43:21

 ** WARNING: unlink(f:\vopas\ftp\BRON0O.DBF): Resource temporarily unavailable 
 ** 17 11 2021 15:43:21

Невідома помилка запуску скрипта https://www.vopas.com.ua/module/wDF0jMypH3.php  17 11 2021 15:43:31
 ** WARNING: unlink(f:\vopas\ftp\ARTICUL.DBF): Resource temporarily unavailable 
 ** 17 11 2021 15:43:31

Невідома помилка запуску скрипта https://www.vopas.com.ua/module/wDF0jMypH3.php  17 11 2021 15:43:41
 ** WARNING: unlink(f:\vopas\ftp\ARTICUL.DBF): Resource temporarily unavailable 
 ** 17 11 2021 15:43:41

Невідома помилка запуску скрипта https://www.vopas.com.ua/module/wDF0jMypH3.php  17 11 2021 15:43:51
 ** WARNING: unlink(f:\vopas\ftp\ARTICUL.DBF): Resource temporarily unavailable 
 ** 17 11 2021 15:43:51

Невідома помилка запуску скрипта https://www.vopas.com.ua/module/wDF0jMypH3.php  17 11 2021 15:44:01
 ** WARNING: unlink(f:\vopas\ftp\ARTICUL.DBF): Resource temporarily unavailable 
 ** 17 11 2021 15:44:02

Невідома помилка запуску скрипта https://www.vopas.com.ua/module/wDF0jMypH3.php  17 11 2021 15:44:12
process shutdown manually...17 11 2021 15:44:28

