process starting ...27 01 2022 16:25:21

 ** NOTICE: Undefined index: folder 
 ** 27 01 2022 16:25:29

 ** NOTICE: Undefined index: folder 
 ** 27 01 2022 16:25:29

 ** NOTICE: Undefined variable: result 
 ** 27 01 2022 16:25:29

Помилка запуску скрипта https://vopas.com.ua/fastCanceled.php no exists file 55452.TXT 27 01 2022 16:25:29
process shutdown manually...27 01 2022 16:26:07

process starting ...27 01 2022 16:34:29

 ** NOTICE: Undefined variable: result 
 ** 27 01 2022 16:34:37

Помилка запуску скрипта https://vopas.com.ua/fastCanceled.php f:\vopas\zriv\56054.TXT 27 01 2022 16:34:37
process shutdown manually...27 01 2022 16:35:15

process starting ...27 01 2022 16:41:19

process shutdown manually...27 01 2022 16:41:27

process starting ...27 01 2022 16:42:02

process shutdown manually...27 01 2022 16:42:10

process starting ...27 01 2022 17:01:40

process shutdown manually...27 01 2022 17:01:50

process starting ...27 01 2022 17:02:34

process shutdown manually...27 01 2022 17:02:42

process starting ...27 01 2022 17:03:00

process shutdown manually...27 01 2022 17:03:08

process starting ...27 01 2022 17:03:59

process shutdown manually...27 01 2022 17:04:08

process starting ...27 01 2022 17:04:28

 ** NOTICE: Undefined variable: url 
 ** 27 01 2022 17:04:36

process shutdown manually...27 01 2022 17:04:36

process starting ...27 01 2022 17:07:21

 ** NOTICE: Undefined variable: url 
 ** 27 01 2022 17:07:29

process shutdown manually...27 01 2022 17:07:29

process starting ...27 01 2022 17:10:06

process shutdown manually...27 01 2022 17:10:15

process starting ...27 01 2022 17:10:42

process shutdown manually...27 01 2022 17:10:50

process starting ...27 01 2022 17:12:36

process shutdown manually...27 01 2022 17:12:44

process starting ...27 01 2022 17:13:15

process shutdown manually...27 01 2022 17:13:23

process starting ...27 01 2022 17:13:35

process shutdown manually...27 01 2022 17:13:43

process starting ...27 01 2022 17:14:19

process shutdown manually...27 01 2022 17:14:27

process starting ...27 01 2022 17:15:10

process shutdown manually...27 01 2022 17:15:18

process starting ...27 01 2022 17:15:37

process shutdown manually...27 01 2022 17:15:46

process starting ...27 01 2022 17:15:51

process shutdown manually...27 01 2022 17:16:00

process starting ...27 01 2022 17:16:17

process shutdown manually...27 01 2022 17:16:26

process starting ...27 01 2022 17:16:29

process shutdown manually...27 01 2022 17:16:37

process starting ...27 01 2022 17:18:22

 ** WARNING: file_get_contents(): SSL operation failed with code 1. OpenSSL Error messages:
error:1416F086:SSL routines:tls_process_server_certificate:certificate verify failed 
 ** 27 01 2022 17:18:30

 ** WARNING: file_get_contents(): Failed to enable crypto 
 ** 27 01 2022 17:18:30

 ** WARNING: file_get_contents(https://vopas.com.ua/fastCanceled.php?station=lutsk&amp;reys=326&amp;date=2022-01-30&amp;time=8-20): failed to open stream: operation failed 
 ** 27 01 2022 17:18:30

process shutdown manually...27 01 2022 17:18:30

process starting ...27 01 2022 17:18:35

 ** WARNING: file_get_contents(): SSL operation failed with code 1. OpenSSL Error messages:
error:1416F086:SSL routines:tls_process_server_certificate:certificate verify failed 
 ** 27 01 2022 17:18:43

 ** WARNING: file_get_contents(): Failed to enable crypto 
 ** 27 01 2022 17:18:43

 ** WARNING: file_get_contents(https://vopas.com.ua/fastCanceled.php?station=lutsk&amp;reys=326&amp;date=2022-01-30&amp;time=8-20): failed to open stream: operation failed 
 ** 27 01 2022 17:18:43

process shutdown manually...27 01 2022 17:18:43

process starting ...27 01 2022 17:20:17

 ** WARNING: file_get_contents(): SSL operation failed with code 1. OpenSSL Error messages:
error:1416F086:SSL routines:tls_process_server_certificate:certificate verify failed 
 ** 27 01 2022 17:20:25

 ** WARNING: file_get_contents(): Failed to enable crypto 
 ** 27 01 2022 17:20:25

 ** WARNING: file_get_contents(https://vopas.com.ua/fastCanceled.php?station=lutsk&amp;reys=326&amp;date=2022-01-30&amp;time=8-20): failed to open stream: operation failed 
 ** 27 01 2022 17:20:25

process shutdown manually...27 01 2022 17:20:25

process starting ...27 01 2022 17:20:29

 ** WARNING: file_get_contents(): SSL operation failed with code 1. OpenSSL Error messages:
error:1416F086:SSL routines:tls_process_server_certificate:certificate verify failed 
 ** 27 01 2022 17:20:37

 ** WARNING: file_get_contents(): Failed to enable crypto 
 ** 27 01 2022 17:20:37

 ** WARNING: file_get_contents(https://vopas.com.ua/fastCanceled.php?station=lutsk&amp;reys=326&amp;date=2022-01-30&amp;time=8-20): failed to open stream: operation failed 
 ** 27 01 2022 17:20:37

process shutdown manually...27 01 2022 17:20:37

process starting ...27 01 2022 17:24:30

process shutdown manually...27 01 2022 17:24:38

process starting ...27 01 2022 17:25:22

 ** NOTICE: Undefined variable: result 
 ** 27 01 2022 17:25:30

Помилка запуску скрипта https://vopas.com.ua/fastCanceled.php  27 01 2022 17:25:30
process shutdown manually...27 01 2022 17:26:13

process starting ...27 01 2022 17:27:52

process shutdown manually...27 01 2022 17:28:00

process starting ...27 01 2022 17:29:08

process shutdown manually...27 01 2022 17:29:16

process starting ...27 01 2022 17:30:18

process shutdown manually...27 01 2022 17:30:29

process starting ...27 01 2022 17:30:38

process shutdown manually...27 01 2022 17:30:46

process starting ...27 01 2022 17:33:02

process shutdown manually...27 01 2022 17:33:10

process starting ...27 01 2022 17:33:15

process shutdown manually...27 01 2022 17:33:23

process starting ...27 01 2022 17:38:18

process shutdown manually...27 01 2022 17:38:26

process starting ...27 01 2022 17:38:35

process shutdown manually...27 01 2022 17:38:43

process starting ...27 01 2022 17:39:13

 ** NOTICE: Undefined variable: result 
 ** 27 01 2022 17:39:21

 ** NOTICE: Undefined variable: result 
 ** 27 01 2022 17:39:21

Успішний запуск скрипта https://vopas.com.ua/fastCanceled.php 27 01 2022 17:39:21
 ** process shutdown error...
 ** ERROR: Maximum execution time of 60 seconds exceeded 
 ** File: E:\OSPanel\domains\uploader\index.php:249
 ** 27 01 2022 17:40:14

process starting ...27 01 2022 17:40:29

 ** NOTICE: Undefined variable: result 
 ** 27 01 2022 17:40:37

 ** NOTICE: Undefined variable: result 
 ** 27 01 2022 17:40:37

Успішний запуск скрипта https://vopas.com.ua/fastCanceled.php 27 01 2022 17:40:37
 ** NOTICE: Undefined variable: result 
 ** 27 01 2022 17:41:01

 ** NOTICE: Undefined variable: result 
 ** 27 01 2022 17:41:01

Успішний запуск скрипта https://vopas.com.ua/fastCanceled.php 27 01 2022 17:41:01
 ** process shutdown error...
 ** ERROR: Maximum execution time of 60 seconds exceeded 
 ** File: E:\OSPanel\domains\uploader\index.php:249
 ** 27 01 2022 17:41:29

process starting ...27 01 2022 17:42:05

 ** NOTICE: Undefined variable: text_msg 
 ** 27 01 2022 17:42:13

 ** NOTICE: Undefined variable: result 
 ** 27 01 2022 17:42:13

Помилка запуску скрипта https://vopas.com.ua/fastCanceled.php Station lut not allowed!f:\vopas\zriv\56423.TXT 27 01 2022 17:42:13
 ** process shutdown error...
 ** ERROR: Maximum execution time of 60 seconds exceeded 
 ** File: E:\OSPanel\domains\uploader\index.php:249
 ** 27 01 2022 17:43:05

process starting ...27 01 2022 17:44:14

 ** NOTICE: Undefined variable: text_msg 
 ** 27 01 2022 17:44:22

 ** NOTICE: Undefined variable: result 
 ** 27 01 2022 17:44:22

Помилка запуску скрипта https://vopas.com.ua/fastCanceled.php No required parameter stationf:\vopas\zriv\56423.TXT 27 01 2022 17:44:22
process shutdown manually...27 01 2022 17:44:44

process starting ...27 01 2022 17:45:31

 ** NOTICE: Undefined variable: text_msg 
 ** 27 01 2022 17:45:39

 ** NOTICE: Undefined variable: result 
 ** 27 01 2022 17:45:39

Помилка запуску скрипта https://vopas.com.ua/fastCanceled.php No required parameter datef:\vopas\zriv\56423.TXT 27 01 2022 17:45:39
process shutdown manually...27 01 2022 17:45:53

process starting ...27 01 2022 17:51:45

 ** NOTICE: Undefined variable: result 
 ** 27 01 2022 17:51:53

 ** NOTICE: Undefined variable: result 
 ** 27 01 2022 17:51:53

Успішний запуск скрипта https://vopas.com.ua/fastCanceled.php 27 01 2022 17:51:53
 ** process shutdown error...
 ** ERROR: Maximum execution time of 60 seconds exceeded 
 ** File: E:\OSPanel\domains\uploader\index.php:249
 ** 27 01 2022 17:52:45

